<?xml version="1.0" encoding="UTF-8"?>
<!-- Generated by org.testng.reporters.JUnitXMLReporter -->
<testsuite ignored="0" hostname="DESKTOP-P1B696P" failures="0" tests="3" name="Default test" time="0.047" errors="0" timestamp="2023-09-24T17:10:53 IST">
  <testcase classname="testNGAnnotations_Flags.Flag1" name="method1" time="0.006"/>
  <testcase classname="testNGAnnotations_Flags.Flag1" name="method2" time="0.001"/>
  <testcase classname="testNGAnnotations_Flags.Flag1" name="method3" time="0.001"/>
</testsuite> <!-- Default test -->
