<?xml version="1.0" encoding="UTF-8"?>
<!-- Generated by org.testng.reporters.JUnitReportReporter -->
<testsuite hostname="DESKTOP-P1B696P" failures="0" tests="14" name="testNGAnnotations_Flags.Flag6" time="0.069" errors="0" timestamp="2023-09-20T15:12:04 IST" skipped="0">
  <testcase classname="testNGAnnotations_Flags.Flag6" name="st1" time="0.003"/>
  <testcase classname="testNGAnnotations_Flags.Flag6" name="it2" time="0.016"/>
  <testcase classname="testNGAnnotations_Flags.Flag6" name="it3" time="0.005"/>
  <testcase classname="testNGAnnotations_Flags.Flag6" name="ft2" time="0.002"/>
  <testcase classname="testNGAnnotations_Flags.Flag6" name="ft4" time="0.006"/>
  <testcase classname="testNGAnnotations_Flags.Flag6" name="st5" time="0.002"/>
  <testcase classname="testNGAnnotations_Flags.Flag6" name="ft5" time="0.006"/>
  <testcase classname="testNGAnnotations_Flags.Flag6" name="st2" time="0.003"/>
  <testcase classname="testNGAnnotations_Flags.Flag6" name="it5" time="0.004"/>
  <testcase classname="testNGAnnotations_Flags.Flag6" name="st3" time="0.002"/>
  <testcase classname="testNGAnnotations_Flags.Flag6" name="it4" time="0.003"/>
  <testcase classname="testNGAnnotations_Flags.Flag6" name="st4" time="0.001"/>
  <testcase classname="testNGAnnotations_Flags.Flag6" name="ft3" time="0.003"/>
  <testcase classname="testNGAnnotations_Flags.Flag6" name="ft1" time="0.013"/>
</testsuite> <!-- testNGAnnotations_Flags.Flag6 -->
